2014-01-26T18:25:05+01:00 DEBUG (7): Controller: Medicaments\Controller\ContactController - Action: index - View: index
2014-01-26T18:26:40+01:00 DEBUG (7): Controller:  - Action:  - View:
2014-01-26T18:27:26+01:00 DEBUG (7): Controller: Medicaments\Controller\ContactController - Action: index - View: index
2014-01-26T18:29:22+01:00 DEBUG (7): Controller: Medicaments\Controller\ContactController - Action: index - View: index
2014-01-26T18:29:26+01:00 DEBUG (7): Controller: Medicaments\Controller\ConfigurationController - Action: index - View: index
2014-01-26T18:31:48+01:00 DEBUG (7): Controller: Medicaments\Controller\ConfigurationController - Action: index - View: index
2014-01-26T18:32:05+01:00 DEBUG (7): Controller: Medicaments\Controller\ConfigurationController - Action: index - View: index
2014-01-26T18:33:46+01:00 DEBUG (7): Controller: Medicaments\Controller\ConfigurationController - Action: index - View: index
2014-01-26T18:34:59+01:00 DEBUG (7): Controller: Medicaments\Controller\ConfigurationController - Action: index - View: index
2014-01-26T18:35:13+01:00 DEBUG (7): Controller: Medicaments\Controller\ConfigurationController - Action: index - View: index
2014-01-26T18:35:25+01:00 DEBUG (7): Controller: Medicaments\Controller\ConfigurationController - Action: index - View: index
2014-01-26T18:35:42+01:00 DEBUG (7): Controller: Medicaments\Controller\ConfigurationController - Action: index - View: index
2014-01-26T18:44:14+01:00 DEBUG (7): Controller: Medicaments\Controller\ConfigurationController - Action: index - View: index
2014-01-26T18:45:43+01:00 DEBUG (7): Controller: Medicaments\Controller\ConfigurationController - Action: index - View: index
2014-01-26T18:46:18+01:00 DEBUG (7): Controller: Medicaments\Controller\LanguageController - Action: index - View: index
2014-01-26T18:46:30+01:00 DEBUG (7): Controller: Medicaments\Controller\LanguageController - Action: index - View: index
2014-01-26T18:46:32+01:00 DEBUG (7): Controller: Medicaments\Controller\LanguageController - Action: index - View: index
2014-01-26T18:48:22+01:00 DEBUG (7): Controller: Medicaments\Controller\LanguageController - Action: index - View: index
2014-01-26T18:48:26+01:00 DEBUG (7): Controller: Medicaments\Controller\LanguageController - Action: es - View: es
2014-01-26T18:48:30+01:00 DEBUG (7): Controller: Medicaments\Controller\LanguageController - Action: es - View: es
2014-01-26T18:48:32+01:00 DEBUG (7): Controller: Medicaments\Controller\LanguageController - Action: es - View: es
2014-01-26T18:48:40+01:00 DEBUG (7): Controller: Medicaments\Controller\LanguageController - Action: es - View: es
2014-01-26T18:48:42+01:00 DEBUG (7): Controller: Medicaments\Controller\LanguageController - Action: index - View: index
2014-01-26T18:48:57+01:00 DEBUG (7): Controller: Medicaments\Controller\LanguageController - Action: index - View: index
2014-01-26T18:50:12+01:00 DEBUG (7): Controller: Medicaments\Controller\LanguageController - Action: index - View: index
2014-01-26T18:50:14+01:00 DEBUG (7): Controller: Medicaments\Controller\LanguageController - Action: index - View: index
2014-01-26T18:51:26+01:00 DEBUG (7): Controller: Medicaments\Controller\LanguageController - Action: index - View: index
2014-01-26T18:51:30+01:00 DEBUG (7): Controller: Medicaments\Controller\LanguageController - Action: index - View: index
2014-01-26T18:59:09+01:00 DEBUG (7): Controller: Medicaments\Controller\LanguageController - Action: index - View: index
2014-01-26T18:59:24+01:00 DEBUG (7): Controller: Medicaments\Controller\LanguageController - Action: index - View: index
2014-01-26T18:59:31+01:00 DEBUG (7): Controller: Medicaments\Controller\LanguageController - Action: index - View: index
2014-01-26T19:00:02+01:00 DEBUG (7): Controller: Medicaments\Controller\LanguageController - Action: index - View: index
2014-01-26T19:00:08+01:00 DEBUG (7): Controller: Medicaments\Controller\LanguageController - Action: index - View: index
2014-01-26T19:00:13+01:00 DEBUG (7): Controller: Medicaments\Controller\LanguageController - Action: index - View: index
2014-01-26T19:00:14+01:00 DEBUG (7): Controller: Medicaments\Controller\LanguageController - Action: index - View: index
2014-01-26T19:00:15+01:00 DEBUG (7): Controller: Medicaments\Controller\LanguageController - Action: index - View: index
2014-01-26T19:00:17+01:00 DEBUG (7): Controller: Medicaments\Controller\LanguageController - Action: index - View: index
2014-01-26T19:00:18+01:00 DEBUG (7): Controller: Medicaments\Controller\LanguageController - Action: index - View: index
2014-01-26T19:03:39+01:00 DEBUG (7): Controller: Medicaments\Controller\LanguageController - Action: index - View: index
2014-01-26T19:04:22+01:00 DEBUG (7): Controller: Medicaments\Controller\LanguageController - Action: index - View: index
2014-01-26T19:13:05+01:00 DEBUG (7): Controller: Medicaments\Controller\LanguageController - Action: index - View: index
2014-01-26T19:16:55+01:00 DEBUG (7): Controller: Medicaments\Controller\LanguageController - Action: index - View: index
2014-01-26T19:17:13+01:00 DEBUG (7): Controller: Medicaments\Controller\LanguageController - Action: index - View: index
2014-01-26T19:17:39+01:00 DEBUG (7): Controller: Medicaments\Controller\LanguageController - Action: index - View: index
2014-01-26T19:18:39+01:00 DEBUG (7): Controller: Medicaments\Controller\LanguageController - Action: index - View: index
2014-01-26T19:19:06+01:00 DEBUG (7): Controller: Medicaments\Controller\LanguageController - Action: index - View: index
2014-01-26T19:19:14+01:00 DEBUG (7): Controller: Medicaments\Controller\LanguageController - Action: index - View: index
2014-01-26T19:19:39+01:00 DEBUG (7): Controller: Medicaments\Controller\LanguageController - Action: index - View: index
2014-01-26T19:20:23+01:00 DEBUG (7): Controller: Medicaments\Controller\LanguageController - Action: index - View: index
2014-01-26T19:20:29+01:00 DEBUG (7): Controller: Medicaments\Controller\LanguageController - Action: index - View: index
2014-01-26T19:21:18+01:00 DEBUG (7): Controller: Medicaments\Controller\IndexController - Action: index - View: index
2014-01-26T19:21:23+01:00 DEBUG (7): Controller: Medicaments\Controller\IndexController - Action: index - View: index
2014-01-26T19:36:34+01:00 DEBUG (7): Controller: Medicaments\Controller\LanguageController - Action: index - View: index
2014-01-26T19:36:38+01:00 DEBUG (7): Controller: Medicaments\Controller\IndexController - Action: index - View: index
2014-01-26T19:36:58+01:00 DEBUG (7): Controller: Medicaments\Controller\IndexController - Action: index - View: index
2014-01-26T19:37:23+01:00 DEBUG (7): Controller: Medicaments\Controller\LanguageController - Action: index - View: index
2014-01-26T19:37:39+01:00 DEBUG (7): Controller: Medicaments\Controller\LanguageController - Action: index - View: index
2014-01-26T19:37:41+01:00 DEBUG (7): Controller: Medicaments\Controller\IndexController - Action: index - View: index
2014-01-26T19:42:06+01:00 DEBUG (7): Controller: Medicaments\Controller\IndexController - Action: index - View: index
2014-01-26T19:42:21+01:00 DEBUG (7): Controller: Medicaments\Controller\LanguageController - Action: index - View: index
2014-01-26T19:43:02+01:00 DEBUG (7): Controller: Medicaments\Controller\LanguageController - Action: index - View: index
2014-01-26T19:43:06+01:00 DEBUG (7): Controller: Medicaments\Controller\LanguageController - Action: index - View: index
2014-01-26T19:44:23+01:00 DEBUG (7): Controller: Medicaments\Controller\LanguageController - Action: index - View: index
2014-01-26T19:44:32+01:00 DEBUG (7): Controller: Medicaments\Controller\LanguageController - Action: index - View: index
2014-01-26T19:44:44+01:00 DEBUG (7): Controller: Medicaments\Controller\LanguageController - Action: index - View: index
2014-01-26T19:47:59+01:00 DEBUG (7): Controller: Medicaments\Controller\LanguageController - Action: index - View: index
2014-01-26T19:48:17+01:00 DEBUG (7): Controller: Medicaments\Controller\LanguageController - Action: index - View: index
2014-01-26T19:48:20+01:00 DEBUG (7): Controller: Medicaments\Controller\LanguageController - Action: index - View: index
2014-01-26T19:49:20+01:00 DEBUG (7): Controller: Medicaments\Controller\LanguageController - Action: index - View: index
2014-01-26T19:49:30+01:00 DEBUG (7): Controller: Medicaments\Controller\LanguageController - Action: index - View: index
2014-01-26T19:49:51+01:00 DEBUG (7): Controller: Medicaments\Controller\LanguageController - Action: index - View: index
2014-01-26T19:50:12+01:00 DEBUG (7): Controller: Medicaments\Controller\LanguageController - Action: index - View: index
2014-01-26T19:51:14+01:00 DEBUG (7): Controller: Medicaments\Controller\LanguageController - Action: index - View: index
2014-01-26T19:53:19+01:00 DEBUG (7): Controller: Medicaments\Controller\LanguageController - Action: index - View: index
2014-01-26T19:53:59+01:00 DEBUG (7): Controller: Medicaments\Controller\IndexController - Action: index - View: index
2014-01-26T19:54:15+01:00 DEBUG (7): Controller: Medicaments\Controller\IndexController - Action: index - View: index
2014-01-26T19:55:42+01:00 DEBUG (7): Controller: Medicaments\Controller\IndexController - Action: index - View: index
2014-01-26T19:55:44+01:00 DEBUG (7): Controller: Medicaments\Controller\LanguageController - Action: index - View: index
2014-01-26T20:03:21+01:00 DEBUG (7): Controller: Medicaments\Controller\IndexController - Action: index - View: index
2014-01-26T20:03:44+01:00 DEBUG (7): Controller: Medicaments\Controller\IndexController - Action: index - View: index
2014-01-26T20:04:36+01:00 DEBUG (7): Controller: Medicaments\Controller\IndexController - Action: index - View: index
2014-01-26T20:04:50+01:00 DEBUG (7): Controller: Medicaments\Controller\IndexController - Action: index - View: index
2014-01-26T20:05:41+01:00 DEBUG (7): Controller: Medicaments\Controller\IndexController - Action: index - View: index
2014-01-26T20:06:00+01:00 DEBUG (7): Controller: Medicaments\Controller\IndexController - Action: index - View: index
2014-01-26T20:06:02+01:00 DEBUG (7): Controller: Medicaments\Controller\LanguageController - Action: index - View: index
2014-01-26T20:06:07+01:00 DEBUG (7): Controller: Medicaments\Controller\LanguageController - Action: index - View: index
2014-01-26T20:06:25+01:00 DEBUG (7): Controller: Medicaments\Controller\LanguageController - Action: index - View: index
2014-01-26T20:06:47+01:00 DEBUG (7): Controller: Medicaments\Controller\IndexController - Action: index - View: index
2014-01-26T20:06:50+01:00 DEBUG (7): Controller: Medicaments\Controller\ConfigurationController - Action: index - View: index
2014-01-26T20:06:52+01:00 DEBUG (7): Controller: Medicaments\Controller\IndexController - Action: index - View: index
2014-01-26T20:07:10+01:00 DEBUG (7): Controller: Medicaments\Controller\IndexController - Action: index - View: index
2014-01-26T20:07:16+01:00 DEBUG (7): Controller: Medicaments\Controller\IndexController - Action: index - View: index
2014-01-26T20:07:25+01:00 DEBUG (7): Controller: Medicaments\Controller\IndexController - Action: index - View: index
2014-01-26T20:07:29+01:00 DEBUG (7): Controller: Medicaments\Controller\IndexController - Action: index - View: index
2014-01-26T20:07:33+01:00 DEBUG (7): Controller: Medicaments\Controller\IndexController - Action: index - View: index
2014-01-26T20:07:53+01:00 DEBUG (7): Controller: Medicaments\Controller\IndexController - Action: index - View: index
2014-01-26T20:08:54+01:00 DEBUG (7): Controller: Medicaments\Controller\LanguageController - Action: index - View: index
2014-01-26T20:08:59+01:00 DEBUG (7): Controller: Medicaments\Controller\LanguageController - Action: index - View: index
2014-01-26T20:09:29+01:00 DEBUG (7): Controller: Medicaments\Controller\IndexController - Action: index - View: index
2014-01-26T20:09:43+01:00 DEBUG (7): Controller: Medicaments\Controller\IndexController - Action: index - View: index
2014-01-26T20:10:02+01:00 DEBUG (7): Controller: Medicaments\Controller\IndexController - Action: index - View: index
2014-01-26T20:10:06+01:00 DEBUG (7): Controller: Medicaments\Controller\IndexController - Action: index - View: index
2014-01-26T20:10:19+01:00 DEBUG (7): Controller: Medicaments\Controller\IndexController - Action: index - View: index
2014-01-26T20:10:24+01:00 DEBUG (7): Controller: Medicaments\Controller\IndexController - Action: index - View: index
2014-01-26T20:11:01+01:00 DEBUG (7): Controller: Medicaments\Controller\IndexController - Action: index - View: index
2014-01-26T20:11:03+01:00 DEBUG (7): Controller: Medicaments\Controller\IndexController - Action: index - View: index
2014-01-26T20:11:10+01:00 DEBUG (7): Controller: Medicaments\Controller\IndexController - Action: index - View: index
2014-01-26T20:11:13+01:00 DEBUG (7): Controller: Medicaments\Controller\IndexController - Action: index - View: index
2014-01-26T20:11:15+01:00 DEBUG (7): Controller: Medicaments\Controller\IndexController - Action: index - View: index
2014-01-26T20:11:17+01:00 DEBUG (7): Controller: Medicaments\Controller\IndexController - Action: index - View: index
2014-01-26T20:11:28+01:00 DEBUG (7): Controller: Medicaments\Controller\IndexController - Action: index - View: index
2014-01-26T20:11:45+01:00 DEBUG (7): Controller: Medicaments\Controller\IndexController - Action: index - View: index
2014-01-26T20:11:53+01:00 DEBUG (7): Controller: Medicaments\Controller\IndexController - Action: index - View: index
2014-01-26T20:12:40+01:00 DEBUG (7): Controller: Medicaments\Controller\IndexController - Action: index - View: index
2014-01-26T20:12:47+01:00 DEBUG (7): Controller: Medicaments\Controller\IndexController - Action: index - View: index
2014-01-26T20:12:51+01:00 DEBUG (7): Controller: Medicaments\Controller\IndexController - Action: index - View: index
2014-01-26T20:13:31+01:00 DEBUG (7): Controller: Medicaments\Controller\IndexController - Action: index - View: index
2014-01-26T20:14:30+01:00 DEBUG (7): Controller: Medicaments\Controller\IndexController - Action: index - View: index
2014-01-26T20:14:40+01:00 DEBUG (7): Controller: Medicaments\Controller\IndexController - Action: index - View: index
2014-01-26T20:14:43+01:00 DEBUG (7): Controller: Medicaments\Controller\IndexController - Action: index - View: index
2014-01-26T20:14:45+01:00 DEBUG (7): Controller: Medicaments\Controller\IndexController - Action: index - View: index
2014-01-26T20:15:00+01:00 DEBUG (7): Controller: Medicaments\Controller\IndexController - Action: index - View: index
2014-01-26T20:16:17+01:00 DEBUG (7): Controller: Medicaments\Controller\IndexController - Action: index - View: index
2014-01-26T20:16:21+01:00 DEBUG (7): Controller: Medicaments\Controller\IndexController - Action: add - View: add
2014-01-26T20:16:46+01:00 DEBUG (7): Controller: Medicaments\Controller\IndexController - Action: add - View: add
2014-01-26T20:17:01+01:00 DEBUG (7): Controller: Medicaments\Controller\IndexController - Action: add - View: add
2014-01-26T20:18:30+01:00 DEBUG (7): Controller: Medicaments\Controller\IndexController - Action: index - View: index
2014-01-26T20:18:31+01:00 DEBUG (7): Controller: Medicaments\Controller\IndexController - Action: add - View: add
2014-01-26T20:18:49+01:00 DEBUG (7): Controller: Medicaments\Controller\IndexController - Action: add - View: add
2014-01-26T20:18:53+01:00 DEBUG (7): Controller: Medicaments\Controller\IndexController - Action: add - View: add
2014-01-26T20:19:08+01:00 DEBUG (7): Controller: Medicaments\Controller\IndexController - Action: add - View: add
2014-01-26T20:43:28+01:00 DEBUG (7): Controller: Medicaments\Controller\IndexController - Action: add - View: add
2014-01-26T20:43:42+01:00 DEBUG (7): Controller: Medicaments\Controller\IndexController - Action: add - View: add
2014-01-26T20:43:59+01:00 DEBUG (7): Controller: Medicaments\Controller\ContactController - Action: index - View: index
2014-01-26T20:47:27+01:00 DEBUG (7): Controller: Medicaments\Controller\ContactController - Action: index - View: index
2014-01-26T20:47:31+01:00 DEBUG (7): Controller: Medicaments\Controller\ContactController - Action: send - View: send
2014-01-26T20:47:55+01:00 DEBUG (7): Controller: Medicaments\Controller\ContactController - Action: send - View: send
2014-01-26T20:50:45+01:00 DEBUG (7): Controller: Medicaments\Controller\ContactController - Action: index - View: index
2014-01-26T20:50:49+01:00 DEBUG (7): Controller: Medicaments\Controller\ContactController - Action: send - View: send
2014-01-26T20:52:08+01:00 DEBUG (7): Controller: Medicaments\Controller\ContactController - Action: index - View: index
2014-01-26T20:52:18+01:00 DEBUG (7): Controller: Medicaments\Controller\ContactController - Action: index - View: index
2014-01-26T20:55:14+01:00 DEBUG (7): Controller: Medicaments\Controller\ContactController - Action: index - View: index
2014-01-26T20:56:49+01:00 DEBUG (7): Controller: Medicaments\Controller\ContactController - Action: index - View: index
2014-01-26T20:57:01+01:00 DEBUG (7): Controller: Medicaments\Controller\ContactController - Action: index - View: index
2014-01-26T20:57:19+01:00 DEBUG (7): Controller: Medicaments\Controller\ContactController - Action: index - View: index
2014-01-26T20:57:33+01:00 DEBUG (7): Controller: Medicaments\Controller\ContactController - Action: index - View: index
2014-01-26T20:59:49+01:00 DEBUG (7): Controller: Medicaments\Controller\ContactController - Action: index - View: index
2014-01-26T21:01:27+01:00 DEBUG (7): Controller: Medicaments\Controller\ContactController - Action: index - View: index
2014-01-26T21:01:34+01:00 DEBUG (7): Controller: Medicaments\Controller\IndexController - Action: index - View: index
2014-01-26T21:06:22+01:00 DEBUG (7): Controller: Medicaments\Controller\IndexController - Action: index - View: index
2014-01-26T21:06:28+01:00 DEBUG (7): Controller: Medicaments\Controller\IndexController - Action: edit - View: edit
2014-01-26T21:06:38+01:00 DEBUG (7): Controller: Medicaments\Controller\IndexController - Action: index - View: index
2014-01-26T21:06:39+01:00 DEBUG (7): Controller: Medicaments\Controller\IndexController - Action: edit - View: edit
2014-01-26T21:06:45+01:00 DEBUG (7): Controller: Medicaments\Controller\ConfigurationController - Action: index - View: index
2014-01-26T21:06:49+01:00 DEBUG (7): Controller: Medicaments\Controller\IndexController - Action: index - View: index
2014-01-26T21:06:51+01:00 DEBUG (7): Controller: Medicaments\Controller\ConfigurationController - Action: index - View: index
2014-01-26T21:06:54+01:00 DEBUG (7): Controller: Medicaments\Controller\IndexController - Action: index - View: index
2014-01-26T21:06:55+01:00 DEBUG (7): Controller: Medicaments\Controller\ConfigurationController - Action: index - View: index
2014-01-26T21:08:42+01:00 DEBUG (7): Controller: Medicaments\Controller\ConfigurationController - Action: index - View: index
2014-01-26T21:09:58+01:00 DEBUG (7): Controller: Medicaments\Controller\ConfigurationController - Action: index - View: index
2014-01-26T21:10:01+01:00 DEBUG (7): Controller: Medicaments\Controller\ConfigurationController - Action: index - View: index
2014-01-26T21:10:04+01:00 DEBUG (7): Controller: Medicaments\Controller\ConfigurationController - Action: index - View: index
2014-01-26T21:10:28+01:00 DEBUG (7): Controller: Medicaments\Controller\ConfigurationController - Action: index - View: index
2014-01-26T21:11:17+01:00 DEBUG (7): Controller: Medicaments\Controller\ConfigurationController - Action: index - View: index
2014-01-26T21:11:59+01:00 DEBUG (7): Controller: Medicaments\Controller\ConfigurationController - Action: index - View: index
2014-01-26T21:12:41+01:00 DEBUG (7): Controller: Medicaments\Controller\ConfigurationController - Action: index - View: index
2014-01-26T21:12:44+01:00 DEBUG (7): Controller: Medicaments\Controller\ConfigurationController - Action: index - View: index
2014-01-26T21:13:16+01:00 DEBUG (7): Controller: Medicaments\Controller\ConfigurationController - Action: index - View: index
2014-01-26T21:13:18+01:00 DEBUG (7): Controller: Medicaments\Controller\ConfigurationController - Action: index - View: index
2014-01-26T21:14:13+01:00 DEBUG (7): Controller: Medicaments\Controller\ConfigurationController - Action: index - View: index
2014-01-26T21:14:57+01:00 DEBUG (7): Controller: Medicaments\Controller\ConfigurationController - Action: index - View: index
2014-01-26T21:15:03+01:00 DEBUG (7): Controller: Medicaments\Controller\ConfigurationController - Action: index - View: index
2014-01-26T21:15:07+01:00 DEBUG (7): Controller: Medicaments\Controller\ConfigurationController - Action: index - View: index
2014-01-26T21:15:34+01:00 DEBUG (7): Controller: Medicaments\Controller\ConfigurationController - Action: index - View: index
2014-01-26T21:15:41+01:00 DEBUG (7): Controller: Medicaments\Controller\ContactController - Action: index - View: index
2014-01-26T21:15:49+01:00 DEBUG (7): Controller: Medicaments\Controller\ContactController - Action: index - View: index
2014-01-26T21:15:52+01:00 DEBUG (7): Controller: Medicaments\Controller\ContactController - Action: index - View: index
2014-01-26T21:15:55+01:00 DEBUG (7): Controller: Medicaments\Controller\ContactController - Action: index - View: index
2014-01-26T21:15:57+01:00 DEBUG (7): Controller: Medicaments\Controller\IndexController - Action: index - View: index
2014-01-26T21:16:00+01:00 DEBUG (7): Controller: Medicaments\Controller\IndexController - Action: index - View: index
2014-01-26T21:16:02+01:00 DEBUG (7): Controller: Medicaments\Controller\IndexController - Action: index - View: index
2014-01-26T21:16:03+01:00 DEBUG (7): Controller: Medicaments\Controller\IndexController - Action: delete - View: delete
2014-01-26T21:16:11+01:00 DEBUG (7): Controller: Medicaments\Controller\IndexController - Action: delete - View: delete
2014-01-26T21:16:12+01:00 DEBUG (7): Controller: Medicaments\Controller\ConfigurationController - Action: index - View: index
2014-01-26T21:16:13+01:00 DEBUG (7): Controller: Medicaments\Controller\IndexController - Action: index - View: index
2014-01-26T21:16:13+01:00 DEBUG (7): Controller: Medicaments\Controller\IndexController - Action: index - View: index
2014-01-26T21:16:14+01:00 DEBUG (7): Controller: Medicaments\Controller\IndexController - Action: delete - View: delete
2014-01-26T21:16:15+01:00 DEBUG (7): Controller: Medicaments\Controller\IndexController - Action: index - View: index
2014-01-26T21:16:59+01:00 DEBUG (7): Controller: Medicaments\Controller\IndexController - Action: index - View: index
2014-01-26T21:17:00+01:00 DEBUG (7): Controller: Medicaments\Controller\IndexController - Action: delete - View: delete
2014-01-26T21:17:03+01:00 DEBUG (7): Controller: Medicaments\Controller\IndexController - Action: delete - View: delete
2014-01-26T21:17:05+01:00 DEBUG (7): Controller: Medicaments\Controller\IndexController - Action: delete - View: delete
2014-01-26T21:17:45+01:00 DEBUG (7): Controller: Medicaments\Controller\IndexController - Action: delete - View: delete
2014-01-26T21:17:47+01:00 DEBUG (7): Controller: Medicaments\Controller\IndexController - Action: index - View: index
2014-01-26T21:17:50+01:00 DEBUG (7): Controller: Medicaments\Controller\IndexController - Action: edit - View: edit
2014-01-26T21:17:53+01:00 DEBUG (7): Controller: Medicaments\Controller\IndexController - Action: index - View: index
2014-01-26T21:21:09+01:00 DEBUG (7): Controller: Medicaments\Controller\IndexController - Action: index - View: index
2014-01-26T21:21:10+01:00 DEBUG (7): Controller: Medicaments\Controller\IndexController - Action: index - View: index
2014-01-26T21:21:14+01:00 DEBUG (7): Controller: Medicaments\Controller\IndexController - Action: index - View: index
2014-01-26T21:21:18+01:00 DEBUG (7): Controller: Medicaments\Controller\IndexController - Action: index - View: index
2014-01-26T21:25:00+01:00 DEBUG (7): Controller: Medicaments\Controller\IndexController - Action: add - View: add
2014-01-26T21:25:03+01:00 DEBUG (7): Controller: Medicaments\Controller\IndexController - Action: add - View: add
2014-01-26T21:37:04+01:00 DEBUG (7): Controller: Medicaments\Controller\RssController - Action: index - View: index
2014-01-26T21:37:26+01:00 DEBUG (7): Controller: Medicaments\Controller\RssController - Action: index - View: index
